L 1 "..\DMP\mllite\mlmath.c"
N/*
N $License:
N    Copyright (C) 2011 InvenSense Corporation, All Rights Reserved.
N    See included License.txt for License information.
N $
N */
N/*******************************************************************************
N *
N * $Id: mlmath.c 5629 2011-06-11 03:13:08Z mcaramello $
N *
N *******************************************************************************/
N
N#include <math.h>
L 1 "F:\Keil_v5\ARM\ARMCC\Bin\..\include\math.h" 1
N/*
N * math.h: ANSI 'C' (X3J11 Oct 88) library header, section 4.5
N * Copyright (C) Codemist Ltd., 1988
N * Copyright 1991-1998,2004-2006,2014 ARM Limited. All rights reserved
N */
N
N/*
N * RCS $Revision: 185525 $ Codemist 0.03
N * Checkin $Date: 2014-05-29 12:44:48 +0100 (Thu, 29 May 2014) $
N * Revising $Author: statham $
N */
N
N/*
N * Parts of this file are based upon fdlibm:
N *
N * ====================================================
N * Copyright (C) 1993 by Sun Microsystems, Inc. All rights reserved.
N *
N * Developed at SunSoft, a Sun Microsystems, Inc. business.
N * Permission to use, copy, modify, and distribute this
N * software is freely granted, provided that this notice
N * is preserved.
N * ====================================================
N */
N
N#ifndef __math_h
N#define __math_h
N#define __ARMCLIB_VERSION 5050106
N
N#if defined(__clang__) || (defined(__ARMCC_VERSION) && !defined(__STRICT_ANSI__))
X#if 0L || (1L && !0L)
N  /* armclang and non-strict armcc allow 'long long' in system headers */
N  #define __LONGLONG long long
N#else
S  /* strict armcc has '__int64' */
S  #define __LONGLONG __int64
N#endif
N
N/*
N * Some of these declarations are new in C99.  To access them in C++
N * you can use -D__USE_C99_MATH (or -D__USE_C99_ALL).
N */
N#ifndef __USE_C99_MATH
N  #if defined(__USE_C99_ALL) || (defined(__STDC_VERSION__) && 199901L <= __STDC_VERSION__)
X  #if 0L || (1L && 199901L <= 199901L)
N    #define __USE_C99_MATH 1
N  #endif
N#endif
N
N#define _ARMABI __declspec(__nothrow)
N#ifdef __TARGET_ARCH_AARCH64
S# define _ARMABI_SOFTFP __declspec(__nothrow)
N#else
N# define _ARMABI_SOFTFP __declspec(__nothrow) __attribute__((__pcs__("aapcs")))
N# define __HAVE_LONGDOUBLE 1
N#endif
N#define _ARMABI_PURE __declspec(__nothrow) __attribute__((const))
N#ifdef __FP_FENV_EXCEPTIONS
S# define _ARMABI_FPEXCEPT _ARMABI
N#else
N# define _ARMABI_FPEXCEPT _ARMABI __attribute__((const))
N#endif
N
N#ifdef __cplusplus
S#define _ARMABI_INLINE inline
S#define _ARMABI_INLINE_DEF inline
S#elif defined __GNUC__ || defined _USE_STATIC_INLINE
X#elif 0L || 0L
S#define _ARMABI_INLINE static __inline
S#define _ARMABI_INLINE_DEF static __inline
N#elif (defined(__STDC_VERSION__) && 199901L <= __STDC_VERSION__)
X#elif (1L && 199901L <= 199901L)
N#define _ARMABI_INLINE inline
N#define _ARMABI_INLINE_DEF static inline
N#else
S#define _ARMABI_INLINE __inline
S#define _ARMABI_INLINE_DEF __inline
N#endif
N
N#ifdef __TARGET_ARCH_AARCH64
S#  define _SOFTFP
N#else
N#  define _SOFTFP __attribute__((__pcs__("aapcs")))
N#endif
N
N   /*
N    * If the compiler supports signalling nans as per N965 then it
N    * will define __SUPPORT_SNAN__, in which case a user may define
N    * _WANT_SNAN in order to obtain the nans function, as well as the
N    * FP_NANS and FP_NANQ classification macros.
N    */
N#if defined(__SUPPORT_SNAN__) && defined(_WANT_SNAN)
X#if 0L && 0L
S#pragma import(__use_snan)
N#endif
N
N/*
N * Macros for our inline functions down below.
N * unsigned& __FLT(float x) - returns the bit pattern of x
N * unsigned& __HI(double x) - returns the bit pattern of the high part of x
N *                            (high part has exponent & sign bit in it)
N * unsigned& __LO(double x) - returns the bit pattern of the low part of x
N *
N * We can assign to __FLT, __HI, and __LO and the appropriate bits get set in
N * the floating point variable used.
N *
N * __HI & __LO are affected by the endianness and the target FPU.
N */
N#define __FLT(x) (*(unsigned *)&(x))
N#if defined(__ARM_BIG_ENDIAN) || defined(__BIG_ENDIAN)
X#if 0L || 0L
S#  define __LO(x) (*(1 + (unsigned *)&(x)))
S#  define __HI(x) (*(unsigned *)&(x))
N#else /* !defined(__ARM_BIG_ENDIAN) && !defined(__BIG_ENDIAN) */
N#  define __HI(x) (*(1 + (unsigned *)&(x)))
N#  define __LO(x) (*(unsigned *)&(x))
N#endif /* !defined(__ARM_BIG_ENDIAN) && !defined(__BIG_ENDIAN) */
N
N#   ifndef __MATH_DECLS
N#   define __MATH_DECLS
N
N
N/*
N * A set of functions that we don't actually want to put in the standard
N * namespace ever.  These are all called by the C99 macros.  As they're
N * not specified by any standard they can't belong in ::std::.  The
N * macro #defines are below amongst the standard function declarations.
N * We only include these if we actually need them later on
N */
N#if !defined(__STRICT_ANSI__) || defined(__USE_C99_MATH)
X#if !0L || 1L
N#   ifdef __cplusplus
S      extern "C" {
N#   endif /* __cplusplus */
N
Nextern _SOFTFP unsigned __ARM_dcmp4(double /*x*/, double /*y*/);
Xextern __attribute__((__pcs__("aapcs"))) unsigned __ARM_dcmp4(double  , double  );
Nextern _SOFTFP unsigned __ARM_fcmp4(float /*x*/, float /*y*/);
Xextern __attribute__((__pcs__("aapcs"))) unsigned __ARM_fcmp4(float  , float  );
N    /*
N     * Compare x and y and return the CPSR in r0.  These means we can test for
N     * result types with bit pattern matching.
N     *
N     * These are a copy of the declarations in rt_fp.h keep in sync.
N     */
N
Nextern _ARMABI_SOFTFP int __ARM_fpclassifyf(float /*x*/);
Xextern __declspec(__nothrow) __attribute__((__pcs__("aapcs"))) int __ARM_fpclassifyf(float  );
Nextern _ARMABI_SOFTFP int __ARM_fpclassify(double /*x*/);
Xextern __declspec(__nothrow) __attribute__((__pcs__("aapcs"))) int __ARM_fpclassify(double  );
N    /* Classify x into NaN, infinite, normal, subnormal, zero */
N    /* Used by fpclassify macro */
N
N_ARMABI_INLINE_DEF _ARMABI_SOFTFP int __ARM_isfinitef(float __x)
Xstatic inline __declspec(__nothrow) __attribute__((__pcs__("aapcs"))) int __ARM_isfinitef(float __x)
N{
N    return ((__FLT(__x) >> 23) & 0xff) != 0xff;
X    return (((*(unsigned *)&(__x)) >> 23) & 0xff) != 0xff;
N}
N_ARMABI_INLINE_DEF _ARMABI_SOFTFP int __ARM_isfinite(double __x)
Xstatic inline __declspec(__nothrow) __attribute__((__pcs__("aapcs"))) int __ARM_isfinite(double __x)
N{
N    return ((__HI(__x) >> 20) & 0x7ff) != 0x7ff;
X    return (((*(1 + (unsigned *)&(__x))) >> 20) & 0x7ff) != 0x7ff;
N}
N    /* Return 1 if __x is finite, 0 otherwise */
N    /* Used by isfinite macro */
N
N_ARMABI_INLINE_DEF _ARMABI_SOFTFP int __ARM_isinff(float __x)
Xstatic inline __declspec(__nothrow) __attribute__((__pcs__("aapcs"))) int __ARM_isinff(float __x)
N{
N    return (__FLT(__x) << 1) == 0xff000000;
X    return ((*(unsigned *)&(__x)) << 1) == 0xff000000;
N}
N_ARMABI_INLINE_DEF _ARMABI_SOFTFP int __ARM_isinf(double __x)
Xstatic inline __declspec(__nothrow) __attribute__((__pcs__("aapcs"))) int __ARM_isinf(double __x)
N{
N    return ((__HI(__x) << 1) == 0xffe00000) && (__LO(__x) == 0);
X    return (((*(1 + (unsigned *)&(__x))) << 1) == 0xffe00000) && ((*(unsigned *)&(__x)) == 0);
N}
N    /* Return 1 if __x is infinite, 0 otherwise */
N    /* Used by isinf macro */
N
N_ARMABI_INLINE_DEF _ARMABI_SOFTFP int __ARM_islessgreaterf(float __x, float __y)
Xstatic inline __declspec(__nothrow) __attribute__((__pcs__("aapcs"))) int __ARM_islessgreaterf(float __x, float __y)
N{
N    unsigned __f = __ARM_fcmp4(__x, __y) >> 28;
N    return (__f == 8) || (__f == 2); /* Just N set or Just Z set */
N}
N_ARMABI_INLINE_DEF _ARMABI_SOFTFP int __ARM_islessgreater(double __x, double __y)
Xstatic inline __declspec(__nothrow) __attribute__((__pcs__("aapcs"))) int __ARM_islessgreater(double __x, double __y)
N{
N    unsigned __f = __ARM_dcmp4(__x, __y) >> 28;
N    return (__f == 8) || (__f == 2); /* Just N set or Just Z set */
N}
N    /*
N     * Compare __x and __y and return 1 if __x < __y or __x > __y, 0 otherwise
N     * Used by islessgreater macro
N     */
N
N_ARMABI_INLINE_DEF _ARMABI_SOFTFP int __ARM_isnanf(float __x)
Xstatic inline __declspec(__nothrow) __attribute__((__pcs__("aapcs"))) int __ARM_isnanf(float __x)
N{
N    return (0x7f800000 - (__FLT(__x) & 0x7fffffff)) >> 31;
X    return (0x7f800000 - ((*(unsigned *)&(__x)) & 0x7fffffff)) >> 31;
N}
N_ARMABI_INLINE_DEF _ARMABI_SOFTFP int __ARM_isnan(double __x)
Xstatic inline __declspec(__nothrow) __attribute__((__pcs__("aapcs"))) int __ARM_isnan(double __x)
N{
N    unsigned __xf = __HI(__x) | ((__LO(__x) == 0) ? 0 : 1);
X    unsigned __xf = (*(1 + (unsigned *)&(__x))) | (((*(unsigned *)&(__x)) == 0) ? 0 : 1);
N    return (0x7ff00000 - (__xf & 0x7fffffff)) >> 31;
N}
N    /* Return 1 if __x is a NaN, 0 otherwise */
N    /* Used by isnan macro */
N
N_ARMABI_INLINE_DEF _ARMABI_SOFTFP int __ARM_isnormalf(float __x)
Xstatic inline __declspec(__nothrow) __attribute__((__pcs__("aapcs"))) int __ARM_isnormalf(float __x)
N{
N    unsigned __xe = (__FLT(__x) >> 23) & 0xff;
X    unsigned __xe = ((*(unsigned *)&(__x)) >> 23) & 0xff;
N    return (__xe != 0xff) && (__xe != 0);
N}
N_ARMABI_INLINE_DEF _ARMABI_SOFTFP int __ARM_isnormal(double __x)
Xstatic inline __declspec(__nothrow) __attribute__((__pcs__("aapcs"))) int __ARM_isnormal(double __x)
N{
N    unsigned __xe = (__HI(__x) >> 20) & 0x7ff;
X    unsigned __xe = ((*(1 + (unsigned *)&(__x))) >> 20) & 0x7ff;
N    return (__xe != 0x7ff) && (__xe != 0);
N}
N    /* Return 1 if __x is a normalised number, 0 otherwise */
N    /* used by isnormal macro */
N
N_ARMABI_INLINE_DEF _ARMABI_SOFTFP int __ARM_signbitf(float __x)
Xstatic inline __declspec(__nothrow) __attribute__((__pcs__("aapcs"))) int __ARM_signbitf(float __x)
N{
N    return __FLT(__x) >> 31;
X    return (*(unsigned *)&(__x)) >> 31;
N}
N_ARMABI_INLINE_DEF _ARMABI_SOFTFP int __ARM_signbit(double __x)
Xstatic inline __declspec(__nothrow) __attribute__((__pcs__("aapcs"))) int __ARM_signbit(double __x)
N{
N    return __HI(__x) >> 31;
X    return (*(1 + (unsigned *)&(__x))) >> 31;
N}
N    /* Return signbit of __x */
N    /* Used by signbit macro */
N
N#   ifdef __cplusplus
S      } /* extern "C" */
N#   endif /* __cplusplus */
N#endif /* Strict ANSI */
N
N#   undef __CLIBNS
N
N#   ifdef __cplusplus
S      namespace std {
S#       define __CLIBNS ::std::
S        extern "C" {
N#   else
N#       define __CLIBNS
N#   endif  /* __cplusplus */
N
N
N#ifndef __has_builtin
N  #define __has_builtin(x) 0
N#endif
N
N#if !defined(__STRICT_ANSI__) || defined(__USE_C99_MATH)
X#if !0L || 1L
N  /* C99 additions */
N  typedef float float_t;
N  typedef double double_t;
N#if __has_builtin(__builtin_inf)
X#if 0
S#   define HUGE_VALF __builtin_inff()
S#   define HUGE_VALL __builtin_infl()
S#   define INFINITY __builtin_inff()
S#   define NAN __builtin_nanf("")
N# else
N#   define HUGE_VALF ((float)__INFINITY__)
N#   define HUGE_VALL ((long double)__INFINITY__)
N#   define INFINITY ((float)__INFINITY__)
N#   define NAN (__ESCAPE__(0f_7FC00000))
N#endif
N
N#   define MATH_ERRNO 1
N#   define MATH_ERREXCEPT 2
Nextern const int math_errhandling;
N#endif
N#if __has_builtin(__builtin_inf)
X#if 0
S# define HUGE_VAL __builtin_inf()
N#else
N# define HUGE_VAL ((double)__INFINITY__)
N#endif
N
Nextern _ARMABI double acos(double /*x*/);
Xextern __declspec(__nothrow) double acos(double  );
N   /* computes the principal value of the arc cosine of x */
N   /* a domain error occurs for arguments not in the range -1 to 1 */
N   /* Returns: the arc cosine in the range 0 to Pi. */
Nextern _ARMABI double asin(double /*x*/);
Xextern __declspec(__nothrow) double asin(double  );
N   /* computes the principal value of the arc sine of x */
N   /* a domain error occurs for arguments not in the range -1 to 1 */
N   /* and -HUGE_VAL is returned. */
N   /* Returns: the arc sine in the range -Pi/2 to Pi/2. */
N
Nextern _ARMABI_PURE double atan(double /*x*/);
Xextern __declspec(__nothrow) __attribute__((const)) double atan(double  );
N   /* computes the principal value of the arc tangent of x */
N   /* Returns: the arc tangent in the range -Pi/2 to Pi/2. */
N
Nextern _ARMABI double atan2(double /*y*/, double /*x*/);
Xextern __declspec(__nothrow) double atan2(double  , double  );
N   /* computes the principal value of the arc tangent of y/x, using the */
N   /* signs of both arguments to determine the quadrant of the return value */
N   /* a domain error occurs if both args are zero, and -HUGE_VAL returned. */
N   /* Returns: the arc tangent of y/x, in the range -Pi to Pi. */
N
Nextern _ARMABI double cos(double /*x*/);
Xextern __declspec(__nothrow) double cos(double  );
N   /* computes the cosine of x (measured in radians). A large magnitude */
N   /* argument may yield a result with little or no significance. */
N   /* a domain error occurs for infinite input (C 7.12.1 footnote 196). */
N   /* Returns: the cosine value. */
Nextern _ARMABI double sin(double /*x*/);
Xextern __declspec(__nothrow) double sin(double  );
N   /* computes the sine of x (measured in radians). A large magnitude */
N   /* argument may yield a result with little or no significance. */
N   /* a domain error occurs for infinite input (C 7.12.1 footnote 196). */
N   /* Returns: the sine value. */
N
Nextern void __use_accurate_range_reduction(void);
N   /* reference this to select the larger, slower, but more accurate */
N   /* range reduction in sin, cos and tan */
N
Nextern _ARMABI double tan(double /*x*/);
Xextern __declspec(__nothrow) double tan(double  );
N   /* computes the tangent of x (measured in radians). A large magnitude */
N   /* argument may yield a result with little or no significance */
N   /* Returns: the tangent value. */
N   /*          if range error; returns HUGE_VAL. */
N
Nextern _ARMABI double cosh(double /*x*/);
Xextern __declspec(__nothrow) double cosh(double  );
N   /* computes the hyperbolic cosine of x. A range error occurs if the */
N   /* magnitude of x is too large. */
N   /* Returns: the hyperbolic cosine value. */
N   /*          if range error; returns HUGE_VAL. */
Nextern _ARMABI double sinh(double /*x*/);
Xextern __declspec(__nothrow) double sinh(double  );
N   /* computes the hyperbolic sine of x. A range error occurs if the */
N   /* magnitude of x is too large. */
N   /* Returns: the hyperbolic sine value. */
N   /*          if range error; returns -HUGE_VAL or HUGE_VAL depending */
N   /*          on the sign of the argument */
N
Nextern _ARMABI_PURE double tanh(double /*x*/);
Xextern __declspec(__nothrow) __attribute__((const)) double tanh(double  );
N   /* computes the hyperbolic tangent of x. */
N   /* Returns: the hyperbolic tangent value. */
N
Nextern _ARMABI double exp(double /*x*/);
Xextern __declspec(__nothrow) double exp(double  );
N   /* computes the exponential function of x. A range error occurs if the */
N   /* magnitude of x is too large. */
N   /* Returns: the exponential value. */
N   /*          if underflow range error; 0 is returned. */
N   /*          if overflow range error; HUGE_VAL is returned. */
N
Nextern _ARMABI double frexp(double /*value*/, int * /*exp*/) __attribute__((__nonnull__(2)));
Xextern __declspec(__nothrow) double frexp(double  , int *  ) __attribute__((__nonnull__(2)));
N   /* breaks a floating-point number into a normalised fraction and an */
N   /* integral power of 2. It stores the integer in the int object pointed */
N   /* to by exp. */
N   /* Returns: the value x, such that x is a double with magnitude in the */
N   /* interval 0.5 to 1.0 or zero, and value equals x times 2 raised to the */
N   /* power *exp. If value is zero, both parts of the result are zero. */
N
Nextern _ARMABI double ldexp(double /*x*/, int /*exp*/);
Xextern __declspec(__nothrow) double ldexp(double  , int  );
N   /* multiplies a floating-point number by an integral power of 2. */
N   /* A range error may occur. */
N   /* Returns: the value of x times 2 raised to the power of exp. */
N   /*          if range error; HUGE_VAL is returned. */
Nextern _ARMABI double log(double /*x*/);
Xextern __declspec(__nothrow) double log(double  );
N   /* computes the natural logarithm of x. A domain error occurs if the */
N   /* argument is negative, and -HUGE_VAL is returned. A range error occurs */
N   /* if the argument is zero. */
N   /* Returns: the natural logarithm. */
N   /*          if range error; -HUGE_VAL is returned. */
Nextern _ARMABI double log10(double /*x*/);
Xextern __declspec(__nothrow) double log10(double  );
N   /* computes the base-ten logarithm of x. A domain error occurs if the */
N   /* argument is negative. A range error occurs if the argument is zero. */
N   /* Returns: the base-ten logarithm. */
Nextern _ARMABI double modf(double /*value*/, double * /*iptr*/) __attribute__((__nonnull__(2)));
Xextern __declspec(__nothrow) double modf(double  , double *  ) __attribute__((__nonnull__(2)));
N   /* breaks the argument value into integral and fraction parts, each of */
N   /* which has the same sign as the argument. It stores the integral part */
N   /* as a double in the object pointed to by iptr. */
N   /* Returns: the signed fractional part of value. */
N
Nextern _ARMABI double pow(double /*x*/, double /*y*/);
Xextern __declspec(__nothrow) double pow(double  , double  );
N   /* computes x raised to the power of y. A domain error occurs if x is */
N   /* zero and y is less than or equal to zero, or if x is negative and y */
N   /* is not an integer, and -HUGE_VAL returned. A range error may occur. */
N   /* Returns: the value of x raised to the power of y. */
N   /*          if underflow range error; 0 is returned. */
N   /*          if overflow range error; HUGE_VAL is returned. */
Nextern _ARMABI double sqrt(double /*x*/);
Xextern __declspec(__nothrow) double sqrt(double  );
N   /* computes the non-negative square root of x. A domain error occurs */
N   /* if the argument is negative, and -HUGE_VAL returned. */
N   /* Returns: the value of the square root. */
N
N#if defined(__TARGET_FPU_VFP_DOUBLE) && !defined(__TARGET_FPU_SOFTVFP)
X#if 1L && !0L
N    _ARMABI_INLINE double _sqrt(double __x) { return __sqrt(__x); }
X    inline double _sqrt(double __x) { return __sqrt(__x); }
N#else
S    _ARMABI_INLINE double _sqrt(double __x) { return sqrt(__x); }
N#endif
N#if defined(__TARGET_FPU_VFP_SINGLE) && !defined(__TARGET_FPU_SOFTVFP)
X#if 1L && !0L
N    _ARMABI_INLINE float _sqrtf(float __x) { return __sqrtf(__x); }
X    inline float _sqrtf(float __x) { return __sqrtf(__x); }
N#else
S    _ARMABI_INLINE float _sqrtf(float __x) { return (float)sqrt(__x); }
N#endif
N    /* With VFP, _sqrt and _sqrtf should expand inline as the native VFP square root
N     * instructions. They will not behave like the C sqrt() function, because
N     * they will report unusual values as IEEE exceptions (in fpmodes which
N     * support IEEE exceptions) rather than in errno. These function names
N     * are not specified in any standard. */
N
Nextern _ARMABI_PURE double ceil(double /*x*/);
Xextern __declspec(__nothrow) __attribute__((const)) double ceil(double  );
N   /* computes the smallest integer not less than x. */
N   /* Returns: the smallest integer not less than x, expressed as a double. */
Nextern _ARMABI_PURE double fabs(double /*x*/);
Xextern __declspec(__nothrow) __attribute__((const)) double fabs(double  );
N   /* computes the absolute value of the floating-point number x. */
N   /* Returns: the absolute value of x. */
N
Nextern _ARMABI_PURE double floor(double /*d*/);
Xextern __declspec(__nothrow) __attribute__((const)) double floor(double  );
N   /* computes the largest integer not greater than x. */
N   /* Returns: the largest integer not greater than x, expressed as a double */
N
Nextern _ARMABI double fmod(double /*x*/, double /*y*/);
Xextern __declspec(__nothrow) double fmod(double  , double  );
N   /* computes the floating-point remainder of x/y. */
N   /* Returns: the value x - i * y, for some integer i such that, if y is */
N   /*          nonzero, the result has the same sign as x and magnitude */
N   /*          less than the magnitude of y. If y is zero, a domain error */
N   /*          occurs and -HUGE_VAL is returned. */
N
N    /* Additional Mathlib functions not defined by the ANSI standard.
N     * Not guaranteed, and not necessarily very well tested.
N     * C99 requires the user to include <math.h> to use these functions
N     * declaring them "by hand" is not sufficient
N     *
N     * The above statement is not completely true now.  Some of the above
N     * C99 functionality has been added as per the Standard, and (where
N     * necessary) old Mathlib functionality withdrawn/changed.  Before
N     * including this header #define __ENABLE_MATHLIB_LEGACY if you want to
N     * re-enable the legacy functionality.
N     */
N
N#if !defined(__STRICT_ANSI__) || defined(__USE_C99_MATH)
X#if !0L || 1L
N
Nextern _ARMABI double acosh(double /*x*/);
Xextern __declspec(__nothrow) double acosh(double  );
N    /*
N     * Inverse cosh. EDOM if argument < 1.0
N     */
Nextern _ARMABI double asinh(double /*x*/);
Xextern __declspec(__nothrow) double asinh(double  );
N    /*
N     * Inverse sinh.
N     */
Nextern _ARMABI double atanh(double /*x*/);
Xextern __declspec(__nothrow) double atanh(double  );
N    /*
N     * Inverse tanh. EDOM if |argument| > 1.0
N     */
Nextern _ARMABI double cbrt(double /*x*/);
Xextern __declspec(__nothrow) double cbrt(double  );
N    /*
N     * Cube root.
N     */
N_ARMABI_INLINE _ARMABI_PURE double copysign(double __x, double __y)
Xinline __declspec(__nothrow) __attribute__((const)) double copysign(double __x, double __y)
N    /*
N     * Returns x with sign bit replaced by sign of y.
N     */
N{
N    __HI(__x) = (__HI(__x) & 0x7fffffff) | (__HI(__y) & 0x80000000);
X    (*(1 + (unsigned *)&(__x))) = ((*(1 + (unsigned *)&(__x))) & 0x7fffffff) | ((*(1 + (unsigned *)&(__y))) & 0x80000000);
N    return __x;
N}
N_ARMABI_INLINE _ARMABI_PURE float copysignf(float __x, float __y)
Xinline __declspec(__nothrow) __attribute__((const)) float copysignf(float __x, float __y)
N    /*
N     * Returns x with sign bit replaced by sign of y.
N     */
N{
N    __FLT(__x) = (__FLT(__x) & 0x7fffffff) | (__FLT(__y) & 0x80000000);
X    (*(unsigned *)&(__x)) = ((*(unsigned *)&(__x)) & 0x7fffffff) | ((*(unsigned *)&(__y)) & 0x80000000);
N    return __x;
N}
Nextern _ARMABI double erf(double /*x*/);
Xextern __declspec(__nothrow) double erf(double  );
N    /*
N     * Error function. (2/sqrt(pi)) * integral from 0 to x of exp(-t*t) dt.
N     */
Nextern _ARMABI double erfc(double /*x*/);
Xextern __declspec(__nothrow) double erfc(double  );
N    /*
N     * 1-erf(x). (More accurate than just coding 1-erf(x), for large x.)
N     */
Nextern _ARMABI double expm1(double /*x*/);
Xextern __declspec(__nothrow) double expm1(double  );
N    /*
N     * exp(x)-1. (More accurate than just coding exp(x)-1, for small x.)
N     */
N#define fpclassify(x) \
N    ((sizeof(x) == sizeof(float)) ? \
N        __ARM_fpclassifyf(x) : __ARM_fpclassify(x))
X#define fpclassify(x)     ((sizeof(x) == sizeof(float)) ?         __ARM_fpclassifyf(x) : __ARM_fpclassify(x))
N    /*
N     * Classify a floating point number into one of the following values:
N     */
N#define FP_ZERO         (0)
N#define FP_SUBNORMAL    (4)
N#define FP_NORMAL       (5)
N#define FP_INFINITE     (3)
N#define FP_NAN          (7)
N
N#if defined(_WANT_SNAN) && defined(__SUPPORT_SNAN__)
X#if 0L && 0L
S/* 
S * Note that we'll never classify a number as FP_NAN, as all NaNs will 
S * be either FP_NANQ or FP_NANS
S */
S#  define FP_NANQ       (8)
S#  define FP_NANS       (9)
N#endif
N
N
Nextern _ARMABI double hypot(double /*x*/, double /*y*/);
Xextern __declspec(__nothrow) double hypot(double  , double  );
N    /*
N     * sqrt(x*x+y*y), ie the length of the vector (x,y) or the
N     * hypotenuse of a right triangle whose other two sides are x
N     * and y. Won't overflow unless the _answer_ is too big, even
N     * if the intermediate x*x+y*y is too big.
N     */
Nextern _ARMABI int ilogb(double /*x*/);
Xextern __declspec(__nothrow) int ilogb(double  );
N    /*
N     * Exponent of x (returns 0 for 1.0, 1 for 2.0, -1 for 0.5, etc.)
N     */
Nextern _ARMABI int ilogbf(float /*x*/);
Xextern __declspec(__nothrow) int ilogbf(float  );
N    /*
N     * Like ilogb but takes a float
N     */
Nextern _ARMABI int ilogbl(long double /*x*/);
Xextern __declspec(__nothrow) int ilogbl(long double  );
N    /*
N     * Exponent of x (returns 0 for 1.0, 1 for 2.0, -1 for 0.5, etc.)
N     */
N#define FP_ILOGB0   (-0x7fffffff) /* ilogb(0) == -INT_MAX */
N#define FP_ILOGBNAN ( 0x80000000) /* ilogb(NAN) == INT_MIN */
N
N#define isfinite(x) \
N    ((sizeof(x) == sizeof(float)) \
N        ? __ARM_isfinitef(x) \
N        : __ARM_isfinite(x))
X#define isfinite(x)     ((sizeof(x) == sizeof(float))         ? __ARM_isfinitef(x)         : __ARM_isfinite(x))
N    /*
N     * Returns true if x is a finite number, size independent.
N     */
N
N#define isgreater(x, y) \
N    (((sizeof(x) == sizeof(float)) && (sizeof(y) == sizeof(float))) \
N        ? ((__ARM_fcmp4((x), (y)) & 0xf0000000) == 0x20000000) \
N        : ((__ARM_dcmp4((x), (y)) & 0xf0000000) == 0x20000000))
X#define isgreater(x, y)     (((sizeof(x) == sizeof(float)) && (sizeof(y) == sizeof(float)))         ? ((__ARM_fcmp4((x), (y)) & 0xf0000000) == 0x20000000)         : ((__ARM_dcmp4((x), (y)) & 0xf0000000) == 0x20000000))
N    /*
N     * Returns true if x > y, throws no exceptions except on Signaling NaNs
N     *
N     * We want the C not set but the Z bit clear, V must be clear
N     */
N
N#define isgreaterequal(x, y) \
N    (((sizeof(x) == sizeof(float)) && (sizeof(y) == sizeof(float))) \
N        ? ((__ARM_fcmp4((x), (y)) & 0x30000000) == 0x20000000) \
N        : ((__ARM_dcmp4((x), (y)) & 0x30000000) == 0x20000000))
X#define isgreaterequal(x, y)     (((sizeof(x) == sizeof(float)) && (sizeof(y) == sizeof(float)))         ? ((__ARM_fcmp4((x), (y)) & 0x30000000) == 0x20000000)         : ((__ARM_dcmp4((x), (y)) & 0x30000000) == 0x20000000))
N    /*
N     * Returns true if x >= y, throws no exceptions except on Signaling NaNs
N     *
N     * We just need to see if the C bit is set or not and ensure V clear
N     */
N
N#define isinf(x) \
N    ((sizeof(x) == sizeof(float)) \
N        ? __ARM_isinff(x) \
N        : __ARM_isinf(x))
X#define isinf(x)     ((sizeof(x) == sizeof(float))         ? __ARM_isinff(x)         : __ARM_isinf(x))
N    /*
N     * Returns true if x is an infinity, size independent.
N     */
N
N#define isless(x, y)  \
N    (((sizeof(x) == sizeof(float)) && (sizeof(y) == sizeof(float))) \
N        ? ((__ARM_fcmp4((x), (y)) & 0xf0000000) == 0x80000000) \
N        : ((__ARM_dcmp4((x), (y)) & 0xf0000000) == 0x80000000))
X#define isless(x, y)      (((sizeof(x) == sizeof(float)) && (sizeof(y) == sizeof(float)))         ? ((__ARM_fcmp4((x), (y)) & 0xf0000000) == 0x80000000)         : ((__ARM_dcmp4((x), (y)) & 0xf0000000) == 0x80000000))
N    /*
N     * Returns true if x < y, throws no exceptions except on Signaling NaNs
N     *
N     * We're less than if N is set, V clear
N     */
N
N#define islessequal(x, y) \
N    (((sizeof(x) == sizeof(float)) && (sizeof(y) == sizeof(float))) \
N        ? ((__ARM_fcmp4((x), (y)) & 0xc0000000) != 0) \
N        : ((__ARM_dcmp4((x), (y)) & 0xc0000000) != 0))
X#define islessequal(x, y)     (((sizeof(x) == sizeof(float)) && (sizeof(y) == sizeof(float)))         ? ((__ARM_fcmp4((x), (y)) & 0xc0000000) != 0)         : ((__ARM_dcmp4((x), (y)) & 0xc0000000) != 0))
N    /*
N     * Returns true if x <= y, throws no exceptions except on Signaling NaNs
N     *
N     * We're less than or equal if one of N or Z is set, V clear
N     */
N
N#define islessgreater(x, y) \
N    (((sizeof(x) == sizeof(float)) && (sizeof(y) == sizeof(float))) \
N        ? __ARM_islessgreaterf((x), (y)) \
N        : __ARM_islessgreater((x), (y)))
X#define islessgreater(x, y)     (((sizeof(x) == sizeof(float)) && (sizeof(y) == sizeof(float)))         ? __ARM_islessgreaterf((x), (y))         : __ARM_islessgreater((x), (y)))
N    /*
N     * Returns true if x <> y, throws no exceptions except on Signaling NaNs
N     * Unfortunately this test is too complicated to do in a macro without
N     * evaluating x & y twice.  Shame really...
N     */
N
N#define isnan(x) \
N    ((sizeof(x) == sizeof(float)) \
N        ? __ARM_isnanf(x) \
N        : __ARM_isnan(x))
X#define isnan(x)     ((sizeof(x) == sizeof(float))         ? __ARM_isnanf(x)         : __ARM_isnan(x))
N    /*
N     * Returns TRUE if x is a NaN.
N     */
N
N#define isnormal(x) \
N    ((sizeof(x) == sizeof(float)) \
N        ? __ARM_isnormalf(x) \
N        : __ARM_isnormal(x))
X#define isnormal(x)     ((sizeof(x) == sizeof(float))         ? __ARM_isnormalf(x)         : __ARM_isnormal(x))
N    /*
N     * Returns TRUE if x is a NaN.
N     */
N
N#define isunordered(x, y) \
N    (((sizeof(x) == sizeof(float)) && (sizeof(y) == sizeof(float))) \
N        ? ((__ARM_fcmp4((x), (y)) & 0x10000000) == 0x10000000) \
N        : ((__ARM_dcmp4((x), (y)) & 0x10000000) == 0x10000000))
X#define isunordered(x, y)     (((sizeof(x) == sizeof(float)) && (sizeof(y) == sizeof(float)))         ? ((__ARM_fcmp4((x), (y)) & 0x10000000) == 0x10000000)         : ((__ARM_dcmp4((x), (y)) & 0x10000000) == 0x10000000))
N    /*
N     * Returns true if x ? y, throws no exceptions except on Signaling NaNs
N     * Unordered occurs if and only if the V bit is set
N     */
N
Nextern _ARMABI double lgamma (double /*x*/);
Xextern __declspec(__nothrow) double lgamma (double  );
N    /*
N     * The log of the absolute value of the gamma function of x. The sign
N     * of the gamma function of x is returned in the global `signgam'.
N     */
Nextern _ARMABI double log1p(double /*x*/);
Xextern __declspec(__nothrow) double log1p(double  );
N    /*
N     * log(1+x). (More accurate than just coding log(1+x), for small x.)
N     */
Nextern _ARMABI double logb(double /*x*/);
Xextern __declspec(__nothrow) double logb(double  );
N    /*
N     * Like ilogb but returns a double.
N     */
Nextern _ARMABI float logbf(float /*x*/);
Xextern __declspec(__nothrow) float logbf(float  );
N    /*
N     * Like logb but takes and returns float
N     */
Nextern _ARMABI long double logbl(long double /*x*/);
Xextern __declspec(__nothrow) long double logbl(long double  );
N    /*
N     * Like logb but takes and returns long double
N     */
Nextern _ARMABI double nextafter(double /*x*/, double /*y*/);
Xextern __declspec(__nothrow) double nextafter(double  , double  );
N    /*
N     * Returns the next representable number after x, in the
N     * direction toward y.
N     */
Nextern _ARMABI float nextafterf(float /*x*/, float /*y*/);
Xextern __declspec(__nothrow) float nextafterf(float  , float  );
N    /*
N     * Returns the next representable number after x, in the
N     * direction toward y.
N     */
Nextern _ARMABI long double nextafterl(long double /*x*/, long double /*y*/);
Xextern __declspec(__nothrow) long double nextafterl(long double  , long double  );
N    /*
N     * Returns the next representable number after x, in the
N     * direction toward y.
N     */
Nextern _ARMABI double nexttoward(double /*x*/, long double /*y*/);
Xextern __declspec(__nothrow) double nexttoward(double  , long double  );
N    /*
N     * Returns the next representable number after x, in the
N     * direction toward y.
N     */
Nextern _ARMABI float nexttowardf(float /*x*/, long double /*y*/);
Xextern __declspec(__nothrow) float nexttowardf(float  , long double  );
N    /*
N     * Returns the next representable number after x, in the
N     * direction toward y.
N     */
Nextern _ARMABI long double nexttowardl(long double /*x*/, long double /*y*/);
Xextern __declspec(__nothrow) long double nexttowardl(long double  , long double  );
N    /*
N     * Returns the next representable number after x, in the
N     * direction toward y.
N     */
Nextern _ARMABI double remainder(double /*x*/, double /*y*/);
Xextern __declspec(__nothrow) double remainder(double  , double  );
N    /*
N     * Returns the remainder of x by y, in the IEEE 754 sense.
N     */
Nextern _ARMABI_FPEXCEPT double rint(double /*x*/);
Xextern __declspec(__nothrow) __attribute__((const)) double rint(double  );
N    /*
N     * Rounds x to an integer, in the IEEE 754 sense.
N     */
Nextern _ARMABI double scalbln(double /*x*/, long int /*n*/);
Xextern __declspec(__nothrow) double scalbln(double  , long int  );
N    /*
N     * Compute x times 2^n quickly.
N     */
Nextern _ARMABI float scalblnf(float /*x*/, long int /*n*/);
Xextern __declspec(__nothrow) float scalblnf(float  , long int  );
N    /*
N     * Compute x times 2^n quickly.
N     */
Nextern _ARMABI long double scalblnl(long double /*x*/, long int /*n*/);
Xextern __declspec(__nothrow) long double scalblnl(long double  , long int  );
N    /*
N     * Compute x times 2^n quickly.
N     */
Nextern _ARMABI double scalbn(double /*x*/, int /*n*/);
Xextern __declspec(__nothrow) double scalbn(double  , int  );
N    /*
N     * Compute x times 2^n quickly.
N     */
Nextern _ARMABI float scalbnf(float /*x*/, int /*n*/);
Xextern __declspec(__nothrow) float scalbnf(float  , int  );
N    /*
N     * Compute x times 2^n quickly.
N     */
Nextern _ARMABI long double scalbnl(long double /*x*/, int /*n*/);
Xextern __declspec(__nothrow) long double scalbnl(long double  , int  );
N    /*
N     * Compute x times 2^n quickly.
N     */
N#define signbit(x) \
N    ((sizeof(x) == sizeof(float)) \
N        ? __ARM_signbitf(x) \
N        : __ARM_signbit(x))
X#define signbit(x)     ((sizeof(x) == sizeof(float))         ? __ARM_signbitf(x)         : __ARM_signbit(x))
N    /*
N     * Returns the signbit of x, size independent macro
N     */
N#endif
N
N/* C99 float versions of functions.  math.h has always reserved these
N   identifiers for this purpose (7.13.4). */
Nextern _ARMABI_PURE float _fabsf(float); /* old ARM name */
Xextern __declspec(__nothrow) __attribute__((const)) float _fabsf(float);  
N_ARMABI_INLINE _ARMABI_PURE float fabsf(float __f) { return _fabsf(__f); }
Xinline __declspec(__nothrow) __attribute__((const)) float fabsf(float __f) { return _fabsf(__f); }
Nextern _ARMABI float sinf(float /*x*/);
Xextern __declspec(__nothrow) float sinf(float  );
Nextern _ARMABI float cosf(float /*x*/);
Xextern __declspec(__nothrow) float cosf(float  );
Nextern _ARMABI float tanf(float /*x*/);
Xextern __declspec(__nothrow) float tanf(float  );
Nextern _ARMABI float acosf(float /*x*/);
Xextern __declspec(__nothrow) float acosf(float  );
Nextern _ARMABI float asinf(float /*x*/);
Xextern __declspec(__nothrow) float asinf(float  );
Nextern _ARMABI float atanf(float /*x*/);
Xextern __declspec(__nothrow) float atanf(float  );
Nextern _ARMABI float atan2f(float /*y*/, float /*x*/);
Xextern __declspec(__nothrow) float atan2f(float  , float  );
Nextern _ARMABI float sinhf(float /*x*/);
Xextern __declspec(__nothrow) float sinhf(float  );
Nextern _ARMABI float coshf(float /*x*/);
Xextern __declspec(__nothrow) float coshf(float  );
Nextern _ARMABI float tanhf(float /*x*/);
Xextern __declspec(__nothrow) float tanhf(float  );
Nextern _ARMABI float expf(float /*x*/);
Xextern __declspec(__nothrow) float expf(float  );
Nextern _ARMABI float logf(float /*x*/);
Xextern __declspec(__nothrow) float logf(float  );
Nextern _ARMABI float log10f(float /*x*/);
Xextern __declspec(__nothrow) float log10f(float  );
Nextern _ARMABI float powf(float /*x*/, float /*y*/);
Xextern __declspec(__nothrow) float powf(float  , float  );
Nextern _ARMABI float sqrtf(float /*x*/);
Xextern __declspec(__nothrow) float sqrtf(float  );
Nextern _ARMABI float ldexpf(float /*x*/, int /*exp*/);
Xextern __declspec(__nothrow) float ldexpf(float  , int  );
Nextern _ARMABI float frexpf(float /*value*/, int * /*exp*/) __attribute__((__nonnull__(2)));
Xextern __declspec(__nothrow) float frexpf(float  , int *  ) __attribute__((__nonnull__(2)));
Nextern _ARMABI_PURE float ceilf(float /*x*/);
Xextern __declspec(__nothrow) __attribute__((const)) float ceilf(float  );
Nextern _ARMABI_PURE float floorf(float /*x*/);
Xextern __declspec(__nothrow) __attribute__((const)) float floorf(float  );
Nextern _ARMABI float fmodf(float /*x*/, float /*y*/);
Xextern __declspec(__nothrow) float fmodf(float  , float  );
Nextern _ARMABI float modff(float /*value*/, float * /*iptr*/) __attribute__((__nonnull__(2)));
Xextern __declspec(__nothrow) float modff(float  , float *  ) __attribute__((__nonnull__(2)));
N
N/* C99 long double versions of functions. */
N/* (also need to have 'using' declarations below) */
N#define _ARMDEFLD1(f) \
N    _ARMABI long double f##l(long double /*x*/)
X#define _ARMDEFLD1(f)     _ARMABI long double f##l(long double  )
N
N#define _ARMDEFLD1P(f, T) \
N    _ARMABI long double f##l(long double /*x*/, T /*p*/)
X#define _ARMDEFLD1P(f, T)     _ARMABI long double f##l(long double  , T  )
N
N#define _ARMDEFLD2(f) \
N    _ARMABI long double f##l(long double /*x*/, long double /*y*/)
X#define _ARMDEFLD2(f)     _ARMABI long double f##l(long double  , long double  )
N
N/*
N * Long double versions of C89 functions can be defined
N * unconditionally, because C89 reserved these names in "future
N * library directions".
N */
N_ARMDEFLD1(acos);
X__declspec(__nothrow) long double acosl(long double );
N_ARMDEFLD1(asin);
X__declspec(__nothrow) long double asinl(long double );
N_ARMDEFLD1(atan);
X__declspec(__nothrow) long double atanl(long double );
N_ARMDEFLD2(atan2);
X__declspec(__nothrow) long double atan2l(long double , long double );
N_ARMDEFLD1(ceil);
X__declspec(__nothrow) long double ceill(long double );
N_ARMDEFLD1(cos);
X__declspec(__nothrow) long double cosl(long double );
N_ARMDEFLD1(cosh);
X__declspec(__nothrow) long double coshl(long double );
N_ARMDEFLD1(exp);
X__declspec(__nothrow) long double expl(long double );
N_ARMDEFLD1(fabs);
X__declspec(__nothrow) long double fabsl(long double );
N_ARMDEFLD1(floor);
X__declspec(__nothrow) long double floorl(long double );
N_ARMDEFLD2(fmod);
X__declspec(__nothrow) long double fmodl(long double , long double );
N_ARMDEFLD1P(frexp, int*) __attribute__((__nonnull__(2)));
X__declspec(__nothrow) long double frexpl(long double , int* ) __attribute__((__nonnull__(2)));
N_ARMDEFLD1P(ldexp, int);
X__declspec(__nothrow) long double ldexpl(long double , int );
N_ARMDEFLD1(log);
X__declspec(__nothrow) long double logl(long double );
N_ARMDEFLD1(log10);
X__declspec(__nothrow) long double log10l(long double );
N_ARMABI long double modfl(long double /*x*/, long double * /*p*/) __attribute__((__nonnull__(2)));
X__declspec(__nothrow) long double modfl(long double  , long double *  ) __attribute__((__nonnull__(2)));
N_ARMDEFLD2(pow);
X__declspec(__nothrow) long double powl(long double , long double );
N_ARMDEFLD1(sin);
X__declspec(__nothrow) long double sinl(long double );
N_ARMDEFLD1(sinh);
X__declspec(__nothrow) long double sinhl(long double );
N_ARMDEFLD1(sqrt);
X__declspec(__nothrow) long double sqrtl(long double );
N_ARMDEFLD1(tan);
X__declspec(__nothrow) long double tanl(long double );
N_ARMDEFLD1(tanh);
X__declspec(__nothrow) long double tanhl(long double );
N
N#if !defined(__STRICT_ANSI__) || defined(__USE_C99_MATH)
X#if !0L || 1L
N
N/*
N * C99 float and long double versions of extra-C89 functions.
N */
Nextern _ARMABI float acoshf(float /*x*/);
Xextern __declspec(__nothrow) float acoshf(float  );
N_ARMDEFLD1(acosh);
X__declspec(__nothrow) long double acoshl(long double );
Nextern _ARMABI float asinhf(float /*x*/);
Xextern __declspec(__nothrow) float asinhf(float  );
N_ARMDEFLD1(asinh);
X__declspec(__nothrow) long double asinhl(long double );
Nextern _ARMABI float atanhf(float /*x*/);
Xextern __declspec(__nothrow) float atanhf(float  );
N_ARMDEFLD1(atanh);
X__declspec(__nothrow) long double atanhl(long double );
N_ARMDEFLD2(copysign);
X__declspec(__nothrow) long double copysignl(long double , long double );
Nextern _ARMABI float cbrtf(float /*x*/);
Xextern __declspec(__nothrow) float cbrtf(float  );
N_ARMDEFLD1(cbrt);
X__declspec(__nothrow) long double cbrtl(long double );
Nextern _ARMABI float erff(float /*x*/);
Xextern __declspec(__nothrow) float erff(float  );
N_ARMDEFLD1(erf);
X__declspec(__nothrow) long double erfl(long double );
Nextern _ARMABI float erfcf(float /*x*/);
Xextern __declspec(__nothrow) float erfcf(float  );
N_ARMDEFLD1(erfc);
X__declspec(__nothrow) long double erfcl(long double );
Nextern _ARMABI float expm1f(float /*x*/);
Xextern __declspec(__nothrow) float expm1f(float  );
N_ARMDEFLD1(expm1);
X__declspec(__nothrow) long double expm1l(long double );
Nextern _ARMABI float log1pf(float /*x*/);
Xextern __declspec(__nothrow) float log1pf(float  );
N_ARMDEFLD1(log1p);
X__declspec(__nothrow) long double log1pl(long double );
Nextern _ARMABI float hypotf(float /*x*/, float /*y*/);
Xextern __declspec(__nothrow) float hypotf(float  , float  );
N_ARMDEFLD2(hypot);
X__declspec(__nothrow) long double hypotl(long double , long double );
Nextern _ARMABI float lgammaf(float /*x*/);
Xextern __declspec(__nothrow) float lgammaf(float  );
N_ARMDEFLD1(lgamma);
X__declspec(__nothrow) long double lgammal(long double );
Nextern _ARMABI float remainderf(float /*x*/, float /*y*/);
Xextern __declspec(__nothrow) float remainderf(float  , float  );
N_ARMDEFLD2(remainder);
X__declspec(__nothrow) long double remainderl(long double , long double );
Nextern _ARMABI float rintf(float /*x*/);
Xextern __declspec(__nothrow) float rintf(float  );
N_ARMDEFLD1(rint);
X__declspec(__nothrow) long double rintl(long double );
N
N#endif
N
N#ifdef __USE_C99_MATH
N/*
N * Functions new in C99.
N */
Nextern _ARMABI double exp2(double /*x*/); /* * 2.^x. */
Xextern __declspec(__nothrow) double exp2(double  );  
Nextern _ARMABI float exp2f(float /*x*/);
Xextern __declspec(__nothrow) float exp2f(float  );
N_ARMDEFLD1(exp2);
X__declspec(__nothrow) long double exp2l(long double );
Nextern _ARMABI double fdim(double /*x*/, double /*y*/);
Xextern __declspec(__nothrow) double fdim(double  , double  );
Nextern _ARMABI float fdimf(float /*x*/, float /*y*/);
Xextern __declspec(__nothrow) float fdimf(float  , float  );
N_ARMDEFLD2(fdim);
X__declspec(__nothrow) long double fdiml(long double , long double );
N#ifdef __FP_FAST_FMA
N#define FP_FAST_FMA
N#endif
N#ifdef __FP_FAST_FMAF
N#define FP_FAST_FMAF
N#endif
N#ifdef __FP_FAST_FMAL
N#define FP_FAST_FMAL
N#endif
Nextern _ARMABI double fma(double /*x*/, double /*y*/, double /*z*/);
Xextern __declspec(__nothrow) double fma(double  , double  , double  );
Nextern _ARMABI float fmaf(float /*x*/, float /*y*/, float /*z*/);
Xextern __declspec(__nothrow) float fmaf(float  , float  , float  );
N#ifdef __HAVE_LONGDOUBLE
N_ARMABI_INLINE _ARMABI long double fmal(long double __x, long double __y, long double __z) \
N    { return (long double)fma((double)__x, (double)__y, (double)__z); }
Xinline __declspec(__nothrow) long double fmal(long double __x, long double __y, long double __z)     { return (long double)fma((double)__x, (double)__y, (double)__z); }
N#endif
Nextern _ARMABI_FPEXCEPT double fmax(double /*x*/, double /*y*/);
Xextern __declspec(__nothrow) __attribute__((const)) double fmax(double  , double  );
Nextern _ARMABI_FPEXCEPT float fmaxf(float /*x*/, float /*y*/);
Xextern __declspec(__nothrow) __attribute__((const)) float fmaxf(float  , float  );
N_ARMDEFLD2(fmax);
X__declspec(__nothrow) long double fmaxl(long double , long double );
Nextern _ARMABI_FPEXCEPT double fmin(double /*x*/, double /*y*/);
Xextern __declspec(__nothrow) __attribute__((const)) double fmin(double  , double  );
Nextern _ARMABI_FPEXCEPT float fminf(float /*x*/, float /*y*/);
Xextern __declspec(__nothrow) __attribute__((const)) float fminf(float  , float  );
N_ARMDEFLD2(fmin);
X__declspec(__nothrow) long double fminl(long double , long double );
Nextern _ARMABI double log2(double /*x*/); /* * log base 2 of x. */
Xextern __declspec(__nothrow) double log2(double  );  
Nextern _ARMABI float log2f(float /*x*/);
Xextern __declspec(__nothrow) float log2f(float  );
N_ARMDEFLD1(log2);
X__declspec(__nothrow) long double log2l(long double );
Nextern _ARMABI long lrint(double /*x*/);
Xextern __declspec(__nothrow) long lrint(double  );
Nextern _ARMABI long lrintf(float /*x*/);
Xextern __declspec(__nothrow) long lrintf(float  );
N#ifdef __HAVE_LONGDOUBLE
N_ARMABI_INLINE _ARMABI long lrintl(long double __x) \
N    { return lrint((double)__x); }
Xinline __declspec(__nothrow) long lrintl(long double __x)     { return lrint((double)__x); }
N#endif
Nextern _ARMABI __LONGLONG llrint(double /*x*/);
Xextern __declspec(__nothrow) long long llrint(double  );
Nextern _ARMABI __LONGLONG llrintf(float /*x*/);
Xextern __declspec(__nothrow) long long llrintf(float  );
N#ifdef __HAVE_LONGDOUBLE
N_ARMABI_INLINE _ARMABI __LONGLONG llrintl(long double __x) \
N    { return llrint((double)__x); }
Xinline __declspec(__nothrow) long long llrintl(long double __x)     { return llrint((double)__x); }
N#endif
Nextern _ARMABI long lround(double /*x*/);
Xextern __declspec(__nothrow) long lround(double  );
Nextern _ARMABI long lroundf(float /*x*/);
Xextern __declspec(__nothrow) long lroundf(float  );
N#ifdef __HAVE_LONGDOUBLE
N_ARMABI_INLINE _ARMABI long lroundl(long double __x) \
N    { return lround((double)__x); }
Xinline __declspec(__nothrow) long lroundl(long double __x)     { return lround((double)__x); }
N#endif
Nextern _ARMABI __LONGLONG llround(double /*x*/);
Xextern __declspec(__nothrow) long long llround(double  );
Nextern _ARMABI __LONGLONG llroundf(float /*x*/);
Xextern __declspec(__nothrow) long long llroundf(float  );
N#ifdef __HAVE_LONGDOUBLE
N_ARMABI_INLINE _ARMABI __LONGLONG llroundl(long double __x) \
N    { return llround((double)__x); }
Xinline __declspec(__nothrow) long long llroundl(long double __x)     { return llround((double)__x); }
N#endif
Nextern _ARMABI_PURE double nan(const char */*tagp*/);
Xextern __declspec(__nothrow) __attribute__((const)) double nan(const char * );
Nextern _ARMABI_PURE float nanf(const char */*tagp*/);
Xextern __declspec(__nothrow) __attribute__((const)) float nanf(const char * );
N#ifdef __HAVE_LONGDOUBLE
N_ARMABI_INLINE _ARMABI_PURE long double nanl(const char *__t) \
N    { return (long double)nan(__t); }
Xinline __declspec(__nothrow) __attribute__((const)) long double nanl(const char *__t)     { return (long double)nan(__t); }
N#endif
N#if defined(_WANT_SNAN) && defined(__SUPPORT_SNAN__)
X#if 0L && 0L
Sextern _ARMABI_PURE double nans(const char */*tagp*/);
Sextern _ARMABI_PURE float nansf(const char */*tagp*/);
S#ifdef __HAVE_LONGDOUBLE
S_ARMABI_INLINE _ARMABI_FPEXCEPT long double nansl(const char *__t) \
S    { return (long double)nans(__t); }
X_ARMABI_INLINE _ARMABI_FPEXCEPT long double nansl(const char *__t)     { return (long double)nans(__t); }
S#endif
N#endif 
Nextern _ARMABI_FPEXCEPT double nearbyint(double /*x*/);
Xextern __declspec(__nothrow) __attribute__((const)) double nearbyint(double  );
Nextern _ARMABI_FPEXCEPT float nearbyintf(float /*x*/);
Xextern __declspec(__nothrow) __attribute__((const)) float nearbyintf(float  );
N_ARMDEFLD1(nearbyint);
X__declspec(__nothrow) long double nearbyintl(long double );
Nextern  double remquo(double /*x*/, double /*y*/, int */*quo*/);
Nextern  float remquof(float /*x*/, float /*y*/, int */*quo*/);
N#ifdef __HAVE_LONGDOUBLE
N_ARMABI_INLINE long double remquol(long double __x, long double __y, int *__q) \
N    { return (long double)remquo((double)__x, (double)__y, __q); }
Xinline long double remquol(long double __x, long double __y, int *__q)     { return (long double)remquo((double)__x, (double)__y, __q); }
N#endif
Nextern _ARMABI_FPEXCEPT double round(double /*x*/);
Xextern __declspec(__nothrow) __attribute__((const)) double round(double  );
Nextern _ARMABI_FPEXCEPT float roundf(float /*x*/);
Xextern __declspec(__nothrow) __attribute__((const)) float roundf(float  );
N_ARMDEFLD1(round);
X__declspec(__nothrow) long double roundl(long double );
Nextern _ARMABI double tgamma(double /*x*/); /* * The gamma function of x. */
Xextern __declspec(__nothrow) double tgamma(double  );  
Nextern _ARMABI float tgammaf(float /*x*/);
Xextern __declspec(__nothrow) float tgammaf(float  );
N_ARMDEFLD1(tgamma);
X__declspec(__nothrow) long double tgammal(long double );
Nextern _ARMABI_FPEXCEPT double trunc(double /*x*/);
Xextern __declspec(__nothrow) __attribute__((const)) double trunc(double  );
Nextern _ARMABI_FPEXCEPT float truncf(float /*x*/);
Xextern __declspec(__nothrow) __attribute__((const)) float truncf(float  );
N_ARMDEFLD1(trunc);
X__declspec(__nothrow) long double truncl(long double );
N#endif
N
N#undef _ARMDEFLD1
N#undef _ARMDEFLD1P
N#undef _ARMDEFLD2
N
N#ifdef __cplusplus
S  extern "C++" {
S    inline float abs(float __x)   { return fabsf(__x); }
S    inline float acos(float __x)  { return acosf(__x); }
S    inline float asin(float __x)  { return asinf(__x); }
S    inline float atan(float __x)  { return atanf(__x); }
S    inline float atan2(float __y, float __x)    { return atan2f(__y,__x); }
S    inline float ceil(float __x)  { return ceilf(__x); }
S    inline float cos(float __x)   { return cosf(__x); }
S    inline float cosh(float __x)  { return coshf(__x); }
S    inline float exp(float __x)   { return expf(__x); }
S    inline float fabs(float __x)  { return fabsf(__x); }
S    inline float floor(float __x) { return floorf(__x); }
S    inline float fmod(float __x, float __y)     { return fmodf(__x, __y); }
S    float frexp(float __x, int* __exp) __attribute__((__nonnull__(2)));
S    inline float frexp(float __x, int* __exp)   { return frexpf(__x, __exp); }
S    inline float ldexp(float __x, int __exp)    { return ldexpf(__x, __exp);}
S    inline float log(float __x)   { return logf(__x); }
S    inline float log10(float __x) { return log10f(__x); }
S    float modf(float __x, float* __iptr) __attribute__((__nonnull__(2)));
S    inline float modf(float __x, float* __iptr) { return modff(__x, __iptr); }
S    inline float pow(float __x, float __y)      { return powf(__x,__y); }
S    inline float pow(float __x, int __y)     { return powf(__x, (float)__y); }
S    inline float sin(float __x)   { return sinf(__x); }
S    inline float sinh(float __x)  { return sinhf(__x); }
S    inline float sqrt(float __x)  { return sqrtf(__x); }
S    inline float _sqrt(float __x) { return _sqrtf(__x); }
S    inline float tan(float __x)   { return tanf(__x); }
S    inline float tanh(float __x)  { return tanhf(__x); }
S
S    inline double abs(double __x) { return fabs(__x); }
S    inline double pow(double __x, int __y)
S                { return pow(__x, (double) __y); }
S
S#ifdef __HAVE_LONGDOUBLE
S    inline long double abs(long double __x)
S                { return (long double)fabsl(__x); }
S    inline long double acos(long double __x)
S                { return (long double)acosl(__x); }
S    inline long double asin(long double __x)
S                { return (long double)asinl(__x); }
S    inline long double atan(long double __x)
S                { return (long double)atanl(__x); }
S    inline long double atan2(long double __y, long double __x)
S                { return (long double)atan2l(__y, __x); }
S    inline long double ceil(long double __x)
S                { return (long double)ceill( __x); }
S    inline long double cos(long double __x)
S                { return (long double)cosl(__x); }
S    inline long double cosh(long double __x)
S                { return (long double)coshl(__x); }
S    inline long double exp(long double __x)
S                { return (long double)expl(__x); }
S    inline long double fabs(long double __x)
S                { return (long double)fabsl(__x); }
S    inline long double floor(long double __x)
S                { return (long double)floorl(__x); }
S    inline long double fmod(long double __x, long double __y)
S                { return (long double)fmodl(__x, __y); }
S    long double frexp(long double __x, int* __p) __attribute__((__nonnull__(2)));
S    inline long double frexp(long double __x, int* __p)
S                { return (long double)frexpl(__x, __p); }
S    inline long double ldexp(long double __x, int __exp)
S                { return (long double)ldexpl(__x, __exp); }
S    inline long double log(long double __x)
S                { return (long double)logl(__x); }
S    inline long double log10(long double __x)
S                { return (long double)log10l(__x); }
S    long double modf(long double __x, long double* __p) __attribute__((__nonnull__(2)));
S    inline long double modf(long double __x, long double* __p)
S                { return (long double)modfl(__x, __p); }
S    inline long double pow(long double __x, long double __y)
S                { return (long double)powl(__x, __y); }
S    inline long double pow(long double __x, int __y)
S                { return (long double)powl(__x, __y); }
S    inline long double sin(long double __x)
S                { return (long double)sinl(__x); }
S    inline long double sinh(long double __x)
S                { return (long double)sinhl(__x); }
S    inline long double sqrt(long double __x)
S                { return (long double)sqrtl(__x); }
S    inline long double _sqrt(long double __x)
S                { return (long double)_sqrt((double) __x); }
S    inline long double tan(long double __x)
S                { return (long double)tanl(__x); }
S    inline long double tanh(long double __x)
S                { return (long double)tanhl(__x); }
S#endif
S
S#if !defined(__STRICT_ANSI__) || defined(__USE_C99_MATH)
S    inline float acosh(float __x) { return acoshf(__x); }
S    inline float asinh(float __x) { return asinhf(__x); }
S    inline float atanh(float __x) { return atanhf(__x); }
S    inline float cbrt(float __x) { return cbrtf(__x); }
S    inline float erf(float __x) { return erff(__x); }
S    inline float erfc(float __x) { return erfcf(__x); }
S    inline float expm1(float __x) { return expm1f(__x); }
S    inline float log1p(float __x) { return log1pf(__x); }
S    inline float hypot(float __x, float __y) { return hypotf(__x, __y); }
S    inline float lgamma(float __x) { return lgammaf(__x); }
S    inline float remainder(float __x, float __y) { return remainderf(__x, __y); }
S    inline float rint(float __x) { return rintf(__x); }
S#endif
S
S#ifdef __USE_C99_MATH
S    inline float exp2(float __x) { return exp2f(__x); }
S    inline float fdim(float __x, float __y) { return fdimf(__x, __y); }
S    inline float fma(float __x, float __y, float __z) { return fmaf(__x, __y, __z); }
S    inline float fmax(float __x, float __y) { return fmaxf(__x, __y); }
S    inline float fmin(float __x, float __y) { return fminf(__x, __y); }
S    inline float log2(float __x) { return log2f(__x); }
S    inline _ARMABI long lrint(float __x) { return lrintf(__x); }
S    inline _ARMABI __LONGLONG llrint(float __x) { return llrintf(__x); }
S    inline _ARMABI long lround(float __x) { return lroundf(__x); }
S    inline _ARMABI __LONGLONG llround(float __x) { return llroundf(__x); }
S    inline _ARMABI_FPEXCEPT float nearbyint(float __x) { return nearbyintf(__x); }
S    inline float remquo(float __x, float __y, int *__q) { return remquof(__x, __y, __q); }
S    inline _ARMABI_FPEXCEPT float round(float __x) { return roundf(__x); }
S    inline float tgamma(float __x) { return tgammaf(__x); }
S    inline _ARMABI_FPEXCEPT float trunc(float __x) { return truncf(__x); }
S
S#ifdef __HAVE_LONGDOUBLE
S    inline long double acosh(long double __x) { return acoshl(__x); }
S    inline long double asinh(long double __x) { return asinhl(__x); }
S    inline long double atanh(long double __x) { return atanhl(__x); }
S    inline long double cbrt(long double __x) { return cbrtl(__x); }
S    inline long double erf(long double __x) { return erfl(__x); }
S    inline long double erfc(long double __x) { return erfcl(__x); }
S    inline long double expm1(long double __x) { return expm1l(__x); }
S    inline long double log1p(long double __x) { return log1pl(__x); }
S    inline long double hypot(long double __x, long double __y) { return hypotl(__x, __y); }
S    inline long double lgamma(long double __x) { return lgammal(__x); }
S    inline long double remainder(long double __x, long double __y) { return remainderl(__x, __y); }
S    inline long double rint(long double __x) { return rintl(__x); }
S    inline long double exp2(long double __x) { return exp2l(__x); }
S    inline long double fdim(long double __x, long double __y) { return fdiml(__x, __y); }
S    inline long double fma(long double __x, long double __y, long double __z) { return fmal(__x, __y, __z); }
S    inline long double fmax(long double __x, long double __y) { return fmaxl(__x, __y); }
S    inline long double fmin(long double __x, long double __y) { return fminl(__x, __y); }
S    inline long double log2(long double __x) { return log2l(__x); }
S    inline _ARMABI long lrint(long double __x) { return lrintl(__x); }
S    inline _ARMABI __LONGLONG llrint(long double __x) { return llrintl(__x); }
S    inline _ARMABI long lround(long double __x) { return lroundl(__x); }
S    inline _ARMABI __LONGLONG llround(long double __x) { return llroundl(__x); }
S    inline _ARMABI_FPEXCEPT long double nearbyint(long double __x) { return nearbyintl(__x); }
S    inline long double remquo(long double __x, long double __y, int *__q) { return remquol(__x, __y, __q); }
S    inline _ARMABI_FPEXCEPT long double round(long double __x) { return roundl(__x); }
S    inline long double tgamma(long double __x) { return tgammal(__x); }
S    inline _ARMABI_FPEXCEPT long double trunc(long double __x) { return truncl(__x); }
S#endif
S#endif
S
S  }
N#endif
N
N    #ifdef __cplusplus
S        }  /* extern "C" */
S      }  /* namespace std */
N    #endif
N  #endif /* __MATH_DECLS */
N
N  #if _AEABI_PORTABILITY_LEVEL != 0 && !defined _AEABI_PORTABLE
X  #if _AEABI_PORTABILITY_LEVEL != 0 && !0L
S    #define _AEABI_PORTABLE
N  #endif
N
N  #if defined(__cplusplus) && !defined(__MATH_NO_EXPORTS)
X  #if 0L && !0L
S    using ::std::__use_accurate_range_reduction;
S    using ::std::abs;
S    using ::std::acos;
S    using ::std::asin;
S    using ::std::atan2;
S    using ::std::atan;
S    using ::std::ceil;
S    using ::std::cos;
S    using ::std::cosh;
S    using ::std::exp;
S    using ::std::fabs;
S    using ::std::floor;
S    using ::std::fmod;
S    using ::std::frexp;
S    using ::std::ldexp;
S    using ::std::log10;
S    using ::std::log;
S    using ::std::modf;
S    using ::std::pow;
S    using ::std::sin;
S    using ::std::sinh;
S    using ::std::sqrt;
S    using ::std::_sqrt;
S    using ::std::_sqrtf;
S    using ::std::tan;
S    using ::std::tanh;
S    using ::std::_fabsf;
S    /* C99 float and long double versions in already-C89-reserved namespace */
S    using ::std::acosf;
S    using ::std::acosl;
S    using ::std::asinf;
S    using ::std::asinl;
S    using ::std::atan2f;
S    using ::std::atan2l;
S    using ::std::atanf;
S    using ::std::atanl;
S    using ::std::ceilf;
S    using ::std::ceill;
S    using ::std::cosf;
S    using ::std::coshf;
S    using ::std::coshl;
S    using ::std::cosl;
S    using ::std::expf;
S    using ::std::expl;
S    using ::std::fabsf;
S    using ::std::fabsl;
S    using ::std::floorf;
S    using ::std::floorl;
S    using ::std::fmodf;
S    using ::std::fmodl;
S    using ::std::frexpf;
S    using ::std::frexpl;
S    using ::std::ldexpf;
S    using ::std::ldexpl;
S    using ::std::log10f;
S    using ::std::log10l;
S    using ::std::logf;
S    using ::std::logl;
S    using ::std::modff;
S    using ::std::modfl;
S    using ::std::powf;
S    using ::std::powl;
S    using ::std::sinf;
S    using ::std::sinhf;
S    using ::std::sinhl;
S    using ::std::sinl;
S    using ::std::sqrtf;
S    using ::std::sqrtl;
S    using ::std::tanf;
S    using ::std::tanhf;
S    using ::std::tanhl;
S    using ::std::tanl;
S    #if !defined(__STRICT_ANSI__) || defined(__USE_C99_MATH)
S      /* C99 additions which for historical reasons appear in non-strict mode */
S      using ::std::acosh;
S      using ::std::asinh;
S      using ::std::atanh;
S      using ::std::cbrt;
S      using ::std::copysign;
S      using ::std::copysignf;
S      using ::std::erf;
S      using ::std::erfc;
S      using ::std::expm1;
S      using ::std::hypot;
S      using ::std::ilogb;
S      using ::std::ilogbf;
S      using ::std::ilogbl;
S      using ::std::lgamma;
S      using ::std::log1p;
S      using ::std::logb;
S      using ::std::logbf;
S      using ::std::logbl;
S      using ::std::nextafter;
S      using ::std::nextafterf;
S      using ::std::nextafterl;
S      using ::std::nexttoward;
S      using ::std::nexttowardf;
S      using ::std::nexttowardl;
S      using ::std::remainder;
S      using ::std::rint;
S      using ::std::scalbln;
S      using ::std::scalblnf;
S      using ::std::scalblnl;
S      using ::std::scalbn;
S      using ::std::scalbnf;
S      using ::std::scalbnl;
S      using ::std::math_errhandling;
S      using ::std::acoshf;
S      using ::std::acoshl;
S      using ::std::asinhf;
S      using ::std::asinhl;
S      using ::std::atanhf;
S      using ::std::atanhl;
S      using ::std::copysignl;
S      using ::std::cbrtf;
S      using ::std::cbrtl;
S      using ::std::erff;
S      using ::std::erfl;
S      using ::std::erfcf;
S      using ::std::erfcl;
S      using ::std::expm1f;
S      using ::std::expm1l;
S      using ::std::log1pf;
S      using ::std::log1pl;
S      using ::std::hypotf;
S      using ::std::hypotl;
S      using ::std::lgammaf;
S      using ::std::lgammal;
S      using ::std::remainderf;
S      using ::std::remainderl;
S      using ::std::rintf;
S      using ::std::rintl;
S    #endif
S    #if !defined(__STRICT_ANSI__) || defined(__USE_C99_MATH)
S      /* C99 additions which appear in C99 or non-strict mode */
S      using ::std::float_t;
S      using ::std::double_t;
S    #endif
S    #ifdef __USE_C99_MATH
S      /* Functions new in C99. */
S      using ::std::exp2;
S      using ::std::exp2f;
S      using ::std::exp2l;
S      using ::std::fdim;
S      using ::std::fdimf;
S      using ::std::fdiml;
S      using ::std::fma;
S      using ::std::fmaf;
S#ifdef __HAVE_LONGDOUBLE
S      using ::std::fmal;
S#endif
S      using ::std::fmax;
S      using ::std::fmaxf;
S      using ::std::fmaxl;
S      using ::std::fmin;
S      using ::std::fminf;
S      using ::std::fminl;
S      using ::std::log2;
S      using ::std::log2f;
S      using ::std::log2l;
S      using ::std::lrint;
S      using ::std::lrintf;
S#ifdef __HAVE_LONGDOUBLE
S      using ::std::lrintl;
S#endif
S      using ::std::llrint;
S      using ::std::llrintf;
S#ifdef __HAVE_LONGDOUBLE
S      using ::std::llrintl;
S#endif
S      using ::std::lround;
S      using ::std::lroundf;
S#ifdef __HAVE_LONGDOUBLE
S      using ::std::lroundl;
S#endif
S      using ::std::llround;
S      using ::std::llroundf;
S#ifdef __HAVE_LONGDOUBLE
S      using ::std::llroundl;
S#endif
S      using ::std::nan;
S      using ::std::nanf;
S#ifdef __HAVE_LONGDOUBLE
S      using ::std::nanl;
S#endif
S      using ::std::nearbyint;
S      using ::std::nearbyintf;
S      using ::std::nearbyintl;
S      using ::std::remquo;
S      using ::std::remquof;
S#ifdef __HAVE_LONGDOUBLE
S      using ::std::remquol;
S#endif
S      using ::std::round;
S      using ::std::roundf;
S      using ::std::roundl;
S      using ::std::tgamma;
S      using ::std::tgammaf;
S      using ::std::tgammal;
S      using ::std::trunc;
S      using ::std::truncf;
S      using ::std::truncl;
S    #endif
N  #endif
N
N#undef __LONGLONG
N
N#endif /* __math_h */
N
N/* end of math.h */
L 14 "..\DMP\mllite\mlmath.c" 2
N
Ndouble ml_asin(double x)
N{
N    return asin(x);
N}
N
Ndouble ml_atan(double x)
N{
N    return atan(x);
N}
N
Ndouble ml_atan2(double x, double y)
N{
N    return atan2(x, y);
N}
N
Ndouble ml_log(double x)
N{
N    return log(x);
N}
N
Ndouble ml_sqrt(double x)
N{
N    return sqrt(x);
N}
N
Ndouble ml_ceil(double x)
N{
N    return ceil(x);
N}
N
Ndouble ml_floor(double x)
N{
N    return floor(x);
N}
N
Ndouble ml_cos(double x)
N{
N    return cos(x);
N}
N
Ndouble ml_sin(double x)
N{
N    return sin(x);
N}
N
Ndouble ml_acos(double x)
N{
N    return acos(x);
N}
N
Ndouble ml_pow(double x, double y)
N{
N    return pow(x, y);
N}
